--------------- Build Started: 03/05/2018 11:15:20 Project: Scale, Configuration: ARM GCC 5.4-2016-q2-update Debug ---------------
cydsfit.exe -.appdatapath "C:\Users\John\AppData\Local\Cypress Semiconductor\PSoC Creator\4.1" -.fdsnotice -.fdswarpdepfile=warp_dependencies.txt -.fdselabdepfile=elab_dependencies.txt -.fdsbldfile=generated_files.txt -.fdsreffile=referenced_files.txt -p D:\git\gfvLab3\GFV_LAB3\Scale.cydsn\Scale.cyprj -d CY8C5888LTI-LP097 -s D:\git\gfvLab3\GFV_LAB3\Scale.cydsn\Generated_Source\PSoC5 -- -yv2 -q10 -ygs -o2 -v3 -.fftcfgtype=LE
Elaborating Design...
HDL Generation...
Synthesis...
Tech Mapping...
Analog Placement...
Analog Routing...
Analog Code Generation...
Digital Placement...
Digital Routing...
Bitstream Generation...
Bitstream Verification...
Static timing analysis...
API Generation...
Dependency Generation...
Cleanup...
arm-none-eabi-gcc.exe -mcpu=cortex-m3 -mthumb -I. -IGenerated_Source\PSoC5 -Wa,-alh=.\CortexM3\ARM_GCC_541\Debug/main.lst -g -D DEBUG -Wall -ffunction-sections -ffat-lto-objects -Og -c main.c -o .\CortexM3\ARM_GCC_541\Debug\main.o
arm-none-eabi-gcc.exe -mcpu=cortex-m3 -mthumb -I. -IGenerated_Source\PSoC5 -Wa,-alh=.\CortexM3\ARM_GCC_541\Debug/cyfitter_cfg.lst -g -D DEBUG -Wall -ffunction-sections -ffat-lto-objects -Og -c Generated_Source\PSoC5\cyfitter_cfg.c -o .\CortexM3\ARM_GCC_541\Debug\cyfitter_cfg.o
arm-none-eabi-gcc.exe -mcpu=cortex-m3 -mthumb -I. -IGenerated_Source\PSoC5 -Wa,-alh=.\CortexM3\ARM_GCC_541\Debug/cymetadata.lst -g -D DEBUG -Wall -ffunction-sections -ffat-lto-objects -Og -c Generated_Source\PSoC5\cymetadata.c -o .\CortexM3\ARM_GCC_541\Debug\cymetadata.o
arm-none-eabi-gcc.exe -mcpu=cortex-m3 -mthumb -I. -IGenerated_Source\PSoC5 -Wa,-alh=.\CortexM3\ARM_GCC_541\Debug/UART_1.lst -g -D DEBUG -Wall -ffunction-sections -ffat-lto-objects -Og -c Generated_Source\PSoC5\UART_1.c -o .\CortexM3\ARM_GCC_541\Debug\UART_1.o
arm-none-eabi-gcc.exe -mcpu=cortex-m3 -mthumb -I. -IGenerated_Source\PSoC5 -Wa,-alh=.\CortexM3\ARM_GCC_541\Debug/UART_1_PM.lst -g -D DEBUG -Wall -ffunction-sections -ffat-lto-objects -Og -c Generated_Source\PSoC5\UART_1_PM.c -o .\CortexM3\ARM_GCC_541\Debug\UART_1_PM.o
arm-none-eabi-gcc.exe -mcpu=cortex-m3 -mthumb -I. -IGenerated_Source\PSoC5 -Wa,-alh=.\CortexM3\ARM_GCC_541\Debug/UART_1_INT.lst -g -D DEBUG -Wall -ffunction-sections -ffat-lto-objects -Og -c Generated_Source\PSoC5\UART_1_INT.c -o .\CortexM3\ARM_GCC_541\Debug\UART_1_INT.o
arm-none-eabi-gcc.exe -mcpu=cortex-m3 -mthumb -I. -IGenerated_Source\PSoC5 -Wa,-alh=.\CortexM3\ARM_GCC_541\Debug/UART_1_BOOT.lst -g -D DEBUG -Wall -ffunction-sections -ffat-lto-objects -Og -c Generated_Source\PSoC5\UART_1_BOOT.c -o .\CortexM3\ARM_GCC_541\Debug\UART_1_BOOT.o
arm-none-eabi-gcc.exe -mcpu=cortex-m3 -mthumb -I. -IGenerated_Source\PSoC5 -Wa,-alh=.\CortexM3\ARM_GCC_541\Debug/isr_uart_rx.lst -g -D DEBUG -Wall -ffunction-sections -ffat-lto-objects -Og -c Generated_Source\PSoC5\isr_uart_rx.c -o .\CortexM3\ARM_GCC_541\Debug\isr_uart_rx.o
arm-none-eabi-gcc.exe -mcpu=cortex-m3 -mthumb -I. -IGenerated_Source\PSoC5 -Wa,-alh=.\CortexM3\ARM_GCC_541\Debug/ADC_SAR_1.lst -g -D DEBUG -Wall -ffunction-sections -ffat-lto-objects -Og -c Generated_Source\PSoC5\ADC_SAR_1.c -o .\CortexM3\ARM_GCC_541\Debug\ADC_SAR_1.o
arm-none-eabi-gcc.exe -mcpu=cortex-m3 -mthumb -I. -IGenerated_Source\PSoC5 -Wa,-alh=.\CortexM3\ARM_GCC_541\Debug/ADC_SAR_1_INT.lst -g -D DEBUG -Wall -ffunction-sections -ffat-lto-objects -Og -c Generated_Source\PSoC5\ADC_SAR_1_INT.c -o .\CortexM3\ARM_GCC_541\Debug\ADC_SAR_1_INT.o
arm-none-eabi-gcc.exe -mcpu=cortex-m3 -mthumb -I. -IGenerated_Source\PSoC5 -Wa,-alh=.\CortexM3\ARM_GCC_541\Debug/ADC_SAR_1_PM.lst -g -D DEBUG -Wall -ffunction-sections -ffat-lto-objects -Og -c Generated_Source\PSoC5\ADC_SAR_1_PM.c -o .\CortexM3\ARM_GCC_541\Debug\ADC_SAR_1_PM.o
arm-none-eabi-gcc.exe -mcpu=cortex-m3 -mthumb -I. -IGenerated_Source\PSoC5 -Wa,-alh=.\CortexM3\ARM_GCC_541\Debug/Pin_ADC_in.lst -g -D DEBUG -Wall -ffunction-sections -ffat-lto-objects -Og -c Generated_Source\PSoC5\Pin_ADC_in.c -o .\CortexM3\ARM_GCC_541\Debug\Pin_ADC_in.o
arm-none-eabi-gcc.exe -mcpu=cortex-m3 -mthumb -I. -IGenerated_Source\PSoC5 -Wa,-alh=.\CortexM3\ARM_GCC_541\Debug/UART_1_IntClock.lst -g -D DEBUG -Wall -ffunction-sections -ffat-lto-objects -Og -c Generated_Source\PSoC5\UART_1_IntClock.c -o .\CortexM3\ARM_GCC_541\Debug\UART_1_IntClock.o
arm-none-eabi-gcc.exe -mcpu=cortex-m3 -mthumb -I. -IGenerated_Source\PSoC5 -Wa,-alh=.\CortexM3\ARM_GCC_541\Debug/ADC_SAR_1_IRQ.lst -g -D DEBUG -Wall -ffunction-sections -ffat-lto-objects -Og -c Generated_Source\PSoC5\ADC_SAR_1_IRQ.c -o .\CortexM3\ARM_GCC_541\Debug\ADC_SAR_1_IRQ.o
arm-none-eabi-gcc.exe -mcpu=cortex-m3 -mthumb -I. -IGenerated_Source\PSoC5 -Wa,-alh=.\CortexM3\ARM_GCC_541\Debug/ADC_SAR_1_theACLK.lst -g -D DEBUG -Wall -ffunction-sections -ffat-lto-objects -Og -c Generated_Source\PSoC5\ADC_SAR_1_theACLK.c -o .\CortexM3\ARM_GCC_541\Debug\ADC_SAR_1_theACLK.o
arm-none-eabi-gcc.exe -mcpu=cortex-m3 -mthumb -I. -IGenerated_Source\PSoC5 -Wa,-alh=.\CortexM3\ARM_GCC_541\Debug/ADC_SAR_1_ExtVref.lst -g -D DEBUG -Wall -ffunction-sections -ffat-lto-objects -Og -c Generated_Source\PSoC5\ADC_SAR_1_ExtVref.c -o .\CortexM3\ARM_GCC_541\Debug\ADC_SAR_1_ExtVref.o
arm-none-eabi-gcc.exe -mcpu=cortex-m3 -mthumb -I. -IGenerated_Source\PSoC5 -Wa,-alh=.\CortexM3\ARM_GCC_541\Debug/Cm3Start.lst -g -D DEBUG -Wall -ffunction-sections -ffat-lto-objects -Og -c Generated_Source\PSoC5\Cm3Start.c -o .\CortexM3\ARM_GCC_541\Debug\Cm3Start.o
arm-none-eabi-gcc.exe -mcpu=cortex-m3 -mthumb -I. -IGenerated_Source\PSoC5 -Wa,-alh=.\CortexM3\ARM_GCC_541\Debug/CyDmac.lst -g -D DEBUG -Wall -ffunction-sections -ffat-lto-objects -Og -c Generated_Source\PSoC5\CyDmac.c -o .\CortexM3\ARM_GCC_541\Debug\CyDmac.o
arm-none-eabi-gcc.exe -mcpu=cortex-m3 -mthumb -I. -IGenerated_Source\PSoC5 -Wa,-alh=.\CortexM3\ARM_GCC_541\Debug/CyFlash.lst -g -D DEBUG -Wall -ffunction-sections -ffat-lto-objects -Og -c Generated_Source\PSoC5\CyFlash.c -o .\CortexM3\ARM_GCC_541\Debug\CyFlash.o
arm-none-eabi-gcc.exe -mcpu=cortex-m3 -mthumb -I. -IGenerated_Source\PSoC5 -Wa,-alh=.\CortexM3\ARM_GCC_541\Debug/CyLib.lst -g -D DEBUG -Wall -ffunction-sections -ffat-lto-objects -Og -c Generated_Source\PSoC5\CyLib.c -o .\CortexM3\ARM_GCC_541\Debug\CyLib.o
arm-none-eabi-gcc.exe -mcpu=cortex-m3 -mthumb -I. -IGenerated_Source\PSoC5 -Wa,-alh=.\CortexM3\ARM_GCC_541\Debug/cyPm.lst -g -D DEBUG -Wall -ffunction-sections -ffat-lto-objects -Og -c Generated_Source\PSoC5\cyPm.c -o .\CortexM3\ARM_GCC_541\Debug\cyPm.o
arm-none-eabi-gcc.exe -mcpu=cortex-m3 -mthumb -I. -IGenerated_Source\PSoC5 -Wa,-alh=.\CortexM3\ARM_GCC_541\Debug/CySpc.lst -g -D DEBUG -Wall -ffunction-sections -ffat-lto-objects -Og -c Generated_Source\PSoC5\CySpc.c -o .\CortexM3\ARM_GCC_541\Debug\CySpc.o
arm-none-eabi-gcc.exe -mcpu=cortex-m3 -mthumb -I. -IGenerated_Source\PSoC5 -Wa,-alh=.\CortexM3\ARM_GCC_541\Debug/cyutils.lst -g -D DEBUG -Wall -ffunction-sections -ffat-lto-objects -Og -c Generated_Source\PSoC5\cyutils.c -o .\CortexM3\ARM_GCC_541\Debug\cyutils.o
arm-none-eabi-as.exe -mcpu=cortex-m3 -mthumb -I. -IGenerated_Source\PSoC5 -alh=.\CortexM3\ARM_GCC_541\Debug/CyBootAsmGnu.lst -g -W -o .\CortexM3\ARM_GCC_541\Debug\CyBootAsmGnu.o Generated_Source\PSoC5\CyBootAsmGnu.s
arm-none-eabi-ar.exe -rs .\CortexM3\ARM_GCC_541\Debug\Scale.a .\CortexM3\ARM_GCC_541\Debug\UART_1.o .\CortexM3\ARM_GCC_541\Debug\UART_1_PM.o .\CortexM3\ARM_GCC_541\Debug\UART_1_INT.o .\CortexM3\ARM_GCC_541\Debug\UART_1_BOOT.o .\CortexM3\ARM_GCC_541\Debug\isr_uart_rx.o .\CortexM3\ARM_GCC_541\Debug\ADC_SAR_1.o .\CortexM3\ARM_GCC_541\Debug\ADC_SAR_1_INT.o .\CortexM3\ARM_GCC_541\Debug\ADC_SAR_1_PM.o .\CortexM3\ARM_GCC_541\Debug\Pin_ADC_in.o .\CortexM3\ARM_GCC_541\Debug\UART_1_IntClock.o .\CortexM3\ARM_GCC_541\Debug\ADC_SAR_1_IRQ.o .\CortexM3\ARM_GCC_541\Debug\ADC_SAR_1_theACLK.o .\CortexM3\ARM_GCC_541\Debug\ADC_SAR_1_ExtVref.o .\CortexM3\ARM_GCC_541\Debug\CyDmac.o .\CortexM3\ARM_GCC_541\Debug\CyFlash.o .\CortexM3\ARM_GCC_541\Debug\CyLib.o .\CortexM3\ARM_GCC_541\Debug\cyPm.o .\CortexM3\ARM_GCC_541\Debug\CySpc.o .\CortexM3\ARM_GCC_541\Debug\cyutils.o .\CortexM3\ARM_GCC_541\Debug\CyBootAsmGnu.o
arm-none-eabi-ar.exe: creating .\CortexM3\ARM_GCC_541\Debug\Scale.a
arm-none-eabi-gcc.exe -Wl,--start-group -o D:\git\gfvLab3\GFV_LAB3\Scale.cydsn\CortexM3\ARM_GCC_541\Debug\Scale.elf .\CortexM3\ARM_GCC_541\Debug\main.o .\CortexM3\ARM_GCC_541\Debug\cyfitter_cfg.o .\CortexM3\ARM_GCC_541\Debug\cymetadata.o .\CortexM3\ARM_GCC_541\Debug\Cm3Start.o .\CortexM3\ARM_GCC_541\Debug\Scale.a "C:\Program Files (x86)\Cypress\PSoC Creator\4.1\PSoC Creator\psoc\content\cycomponentlibrary\CyComponentLibrary.cylib\CortexM3\ARM_GCC_541\Debug\CyComponentLibrary.a" -mcpu=cortex-m3 -mthumb -L Generated_Source\PSoC5 -Wl,-Map,.\CortexM3\ARM_GCC_541\Debug/Scale.map -T Generated_Source\PSoC5\cm3gcc.ld -specs=nano.specs -u _printf_float -Wl,--gc-sections -g -ffunction-sections -Og -ffat-lto-objects -Wl,--end-group
cyelftool.exe -C D:\git\gfvLab3\GFV_LAB3\Scale.cydsn\CortexM3\ARM_GCC_541\Debug\Scale.elf --flash_row_size 256 --flash_size 262144 --flash_offset 0x00000000
cyelftool.exe -S D:\git\gfvLab3\GFV_LAB3\Scale.cydsn\CortexM3\ARM_GCC_541\Debug\Scale.elf
Flash used: 13696 of 262144 bytes (5,2 %).
SRAM used: 3025 of 65536 bytes (4,6 %). Stack: 2048 bytes. Heap: 512 bytes.
--------------- Build Succeeded: 03/05/2018 11:15:55 ---------------
